*** Installation started 2008/08/04 02:07 ***
Source: C:\Archivos de programa\w3af\cluster-1.1.1b3.win32.exe
999 Root Key: HKEY_LOCAL_MACHINE
020 Reg DB Key: [Software\Microsoft\Windows\CurrentVersion\Uninstall]cluster-py2.5
040 Reg DB Value: [Software\Microsoft\Windows\CurrentVersion\Uninstall\cluster-py2.5]DisplayName=Python 2.5 cluster-1.1.1b3
040 Reg DB Value: [Software\Microsoft\Windows\CurrentVersion\Uninstall\cluster-py2.5]UninstallString="C:\Python25\Removecluster.exe" -u "C:\Python25\cluster-wininst.log"
200 File Copy: C:\Python25\Lib\site-packages\cluster.py
200 File Copy: C:\Python25\Lib\site-packages\cluster-1.1.1b3.egg-info
200 File Copy: C:\Python25\Lib\site-packages\cluster.pyc
200 File Copy: C:\Python25\Lib\site-packages\cluster.pyo
*** Installation started 2008/09/17 22:47 ***
Source: C:\Archivos de programa\w3af\prerequisite\cluster-1.1.1b3.win32.exe
999 Root Key: HKEY_LOCAL_MACHINE
040 Reg DB Value: [Software\Microsoft\Windows\CurrentVersion\Uninstall\cluster-py2.5]DisplayName=Python 2.5 cluster-1.1.1b3
040 Reg DB Value: [Software\Microsoft\Windows\CurrentVersion\Uninstall\cluster-py2.5]UninstallString="C:\Python25\Removecluster.exe" -u "C:\Python25\cluster-wininst.log"
200 File Copy: C:\Python25\Lib\site-packages\cluster.py
200 File Copy: C:\Python25\Lib\site-packages\cluster-1.1.1b3.egg-info
200 File Copy: C:\Python25\Lib\site-packages\cluster.pyc
200 File Copy: C:\Python25\Lib\site-packages\cluster.pyo
*** Installation started 2008/09/22 02:33 ***
Source: C:\Archivos de programa\w3af\prerequisite\cluster-1.1.1b3.win32.exe
999 Root Key: HKEY_LOCAL_MACHINE
040 Reg DB Value: [Software\Microsoft\Windows\CurrentVersion\Uninstall\cluster-py2.5]DisplayName=Python 2.5 cluster-1.1.1b3
040 Reg DB Value: [Software\Microsoft\Windows\CurrentVersion\Uninstall\cluster-py2.5]UninstallString="C:\Python25\Removecluster.exe" -u "C:\Python25\cluster-wininst.log"
200 File Copy: C:\Python25\Lib\site-packages\cluster.py
200 File Copy: C:\Python25\Lib\site-packages\cluster-1.1.1b3.egg-info
200 File Copy: C:\Python25\Lib\site-packages\cluster.pyc
200 File Copy: C:\Python25\Lib\site-packages\cluster.pyo
*** Installation started 2008/10/18 14:08 ***
Source: C:\Archivos de programa\w3af\prerequisite\cluster-1.1.1b3.win32.exe
999 Root Key: HKEY_LOCAL_MACHINE
040 Reg DB Value: [Software\Microsoft\Windows\CurrentVersion\Uninstall\cluster-py2.5]DisplayName=Python 2.5 cluster-1.1.1b3
040 Reg DB Value: [Software\Microsoft\Windows\CurrentVersion\Uninstall\cluster-py2.5]UninstallString="C:\Python25\Removecluster.exe" -u "C:\Python25\cluster-wininst.log"
200 File Copy: C:\Python25\Lib\site-packages\cluster.py
200 File Copy: C:\Python25\Lib\site-packages\cluster-1.1.1b3.egg-info
200 File Copy: C:\Python25\Lib\site-packages\cluster.pyc
200 File Copy: C:\Python25\Lib\site-packages\cluster.pyo
