*** Installation started 2008/06/16 23:26 ***
Source: D:\w3af-svn\extras\windows_installer\pcap-1.1-scapy.win32-py2.5.exe
999 Root Key: HKEY_LOCAL_MACHINE
020 Reg DB Key: [Software\Microsoft\Windows\CurrentVersion\Uninstall]pcap-py2.5
040 Reg DB Value: [Software\Microsoft\Windows\CurrentVersion\Uninstall\pcap-py2.5]DisplayName=Python 2.5 pcap-1.1-scapy
040 Reg DB Value: [Software\Microsoft\Windows\CurrentVersion\Uninstall\pcap-py2.5]UninstallString="C:\Python25\Removepcap.exe" -u "C:\Python25\pcap-wininst.log"
200 File Copy: C:\Python25\Lib\site-packages\pcap-1.1_scapy-py2.5.egg-info
200 File Copy: C:\Python25\Lib\site-packages\pcap.pyd
200 File Copy: C:\Python25\Lib\site-packages\pcap.zip
*** Installation started 2008/08/04 02:08 ***
Source: C:\Archivos de programa\w3af\pcap-1.1-scapy.win32-py2.5.exe
999 Root Key: HKEY_LOCAL_MACHINE
040 Reg DB Value: [Software\Microsoft\Windows\CurrentVersion\Uninstall\pcap-py2.5]DisplayName=Python 2.5 pcap-1.1-scapy
040 Reg DB Value: [Software\Microsoft\Windows\CurrentVersion\Uninstall\pcap-py2.5]UninstallString="C:\Python25\Removepcap.exe" -u "C:\Python25\pcap-wininst.log"
200 File Copy: C:\Python25\Lib\site-packages\pcap-1.1_scapy-py2.5.egg-info
200 File Copy: C:\Python25\Lib\site-packages\pcap.pyd
200 File Copy: C:\Python25\Lib\site-packages\pcap.zip
*** Installation started 2008/09/17 22:48 ***
Source: C:\Archivos de programa\w3af\prerequisite\pcap-1.1-scapy.win32-py2.5.exe
999 Root Key: HKEY_LOCAL_MACHINE
040 Reg DB Value: [Software\Microsoft\Windows\CurrentVersion\Uninstall\pcap-py2.5]DisplayName=Python 2.5 pcap-1.1-scapy
040 Reg DB Value: [Software\Microsoft\Windows\CurrentVersion\Uninstall\pcap-py2.5]UninstallString="C:\Python25\Removepcap.exe" -u "C:\Python25\pcap-wininst.log"
200 File Copy: C:\Python25\Lib\site-packages\pcap-1.1_scapy-py2.5.egg-info
200 File Copy: C:\Python25\Lib\site-packages\pcap.pyd
200 File Copy: C:\Python25\Lib\site-packages\pcap.zip
*** Installation started 2008/09/22 02:33 ***
Source: C:\Archivos de programa\w3af\prerequisite\pcap-1.1-scapy.win32-py2.5.exe
999 Root Key: HKEY_LOCAL_MACHINE
040 Reg DB Value: [Software\Microsoft\Windows\CurrentVersion\Uninstall\pcap-py2.5]DisplayName=Python 2.5 pcap-1.1-scapy
040 Reg DB Value: [Software\Microsoft\Windows\CurrentVersion\Uninstall\pcap-py2.5]UninstallString="C:\Python25\Removepcap.exe" -u "C:\Python25\pcap-wininst.log"
200 File Copy: C:\Python25\Lib\site-packages\pcap-1.1_scapy-py2.5.egg-info
200 File Copy: C:\Python25\Lib\site-packages\pcap.pyd
200 File Copy: C:\Python25\Lib\site-packages\pcap.zip
*** Installation started 2008/10/18 14:08 ***
Source: C:\Archivos de programa\w3af\prerequisite\pcap-1.1-scapy.win32-py2.5.exe
999 Root Key: HKEY_LOCAL_MACHINE
040 Reg DB Value: [Software\Microsoft\Windows\CurrentVersion\Uninstall\pcap-py2.5]DisplayName=Python 2.5 pcap-1.1-scapy
040 Reg DB Value: [Software\Microsoft\Windows\CurrentVersion\Uninstall\pcap-py2.5]UninstallString="C:\Python25\Removepcap.exe" -u "C:\Python25\pcap-wininst.log"
200 File Copy: C:\Python25\Lib\site-packages\pcap-1.1_scapy-py2.5.egg-info
200 File Copy: C:\Python25\Lib\site-packages\pcap.pyd
200 File Copy: C:\Python25\Lib\site-packages\pcap.zip
