*** Installation started 2008/05/02 01:44 ***
Source: C:\Archivos de programa\w3af\pycairo-1.4.12-1.win32-py2.5.exe
999 Root Key: HKEY_LOCAL_MACHINE
040 Reg DB Value: [Software\Microsoft\Windows\CurrentVersion\Uninstall\pycairo-py2.5]DisplayName=Python 2.5 pycairo-1.4.12
040 Reg DB Value: [Software\Microsoft\Windows\CurrentVersion\Uninstall\pycairo-py2.5]UninstallString="C:\Python25\Removepycairo.exe" -u "C:\Python25\pycairo-wininst.log"
100 Made Dir: C:\Python25\include\pycairo
200 File Copy: C:\Python25\include\pycairo\pycairo.h
200 File Copy: C:\Python25\lib\pkgconfig\pycairo.pc
200 File Copy: C:\Python25\Lib\site-packages\pycairo-1.4.12-py2.5.egg-info
100 Made Dir: C:\Python25\Lib\site-packages\cairo
200 File Copy: C:\Python25\Lib\site-packages\cairo\_cairo.pyd
200 File Copy: C:\Python25\Lib\site-packages\cairo\__init__.py
200 File Copy: C:\Python25\Lib\site-packages\cairo\__init__.pyc
200 File Copy: C:\Python25\Lib\site-packages\cairo\__init__.pyo
*** Installation started 2008/06/02 19:03 ***
Source: C:\Archivos de programa\w3af\pycairo-1.4.12-1.win32-py2.5.exe
999 Root Key: HKEY_LOCAL_MACHINE
040 Reg DB Value: [Software\Microsoft\Windows\CurrentVersion\Uninstall\pycairo-py2.5]DisplayName=Python 2.5 pycairo-1.4.12
040 Reg DB Value: [Software\Microsoft\Windows\CurrentVersion\Uninstall\pycairo-py2.5]UninstallString="C:\Python25\Removepycairo.exe" -u "C:\Python25\pycairo-wininst.log"
200 File Copy: C:\Python25\include\pycairo\pycairo.h
200 File Copy: C:\Python25\lib\pkgconfig\pycairo.pc
200 File Copy: C:\Python25\Lib\site-packages\pycairo-1.4.12-py2.5.egg-info
200 File Copy: C:\Python25\Lib\site-packages\cairo\_cairo.pyd
200 File Copy: C:\Python25\Lib\site-packages\cairo\__init__.py
200 File Copy: C:\Python25\Lib\site-packages\cairo\__init__.pyc
200 File Copy: C:\Python25\Lib\site-packages\cairo\__init__.pyo
*** Installation started 2008/07/23 00:15 ***
Source: C:\Archivos de programa\w3af\pycairo-1.4.12-1.win32-py2.5.exe
999 Root Key: HKEY_LOCAL_MACHINE
040 Reg DB Value: [Software\Microsoft\Windows\CurrentVersion\Uninstall\pycairo-py2.5]DisplayName=Python 2.5 pycairo-1.4.12
040 Reg DB Value: [Software\Microsoft\Windows\CurrentVersion\Uninstall\pycairo-py2.5]UninstallString="C:\Python25\Removepycairo.exe" -u "C:\Python25\pycairo-wininst.log"
200 File Copy: C:\Python25\include\pycairo\pycairo.h
200 File Copy: C:\Python25\lib\pkgconfig\pycairo.pc
200 File Copy: C:\Python25\Lib\site-packages\pycairo-1.4.12-py2.5.egg-info
200 File Copy: C:\Python25\Lib\site-packages\cairo\_cairo.pyd
200 File Copy: C:\Python25\Lib\site-packages\cairo\__init__.py
200 File Copy: C:\Python25\Lib\site-packages\cairo\__init__.pyc
200 File Copy: C:\Python25\Lib\site-packages\cairo\__init__.pyo
*** Installation started 2008/08/04 02:07 ***
Source: C:\Archivos de programa\w3af\pycairo-1.4.12-1.win32-py2.5.exe
999 Root Key: HKEY_LOCAL_MACHINE
040 Reg DB Value: [Software\Microsoft\Windows\CurrentVersion\Uninstall\pycairo-py2.5]DisplayName=Python 2.5 pycairo-1.4.12
040 Reg DB Value: [Software\Microsoft\Windows\CurrentVersion\Uninstall\pycairo-py2.5]UninstallString="C:\Python25\Removepycairo.exe" -u "C:\Python25\pycairo-wininst.log"
200 File Copy: C:\Python25\include\pycairo\pycairo.h
200 File Copy: C:\Python25\lib\pkgconfig\pycairo.pc
200 File Copy: C:\Python25\Lib\site-packages\pycairo-1.4.12-py2.5.egg-info
200 File Copy: C:\Python25\Lib\site-packages\cairo\_cairo.pyd
200 File Copy: C:\Python25\Lib\site-packages\cairo\__init__.py
200 File Copy: C:\Python25\Lib\site-packages\cairo\__init__.pyc
200 File Copy: C:\Python25\Lib\site-packages\cairo\__init__.pyo
*** Installation started 2008/09/17 22:47 ***
Source: C:\Archivos de programa\w3af\prerequisite\pycairo-1.4.12-1.win32-py2.5.exe
999 Root Key: HKEY_LOCAL_MACHINE
040 Reg DB Value: [Software\Microsoft\Windows\CurrentVersion\Uninstall\pycairo-py2.5]DisplayName=Python 2.5 pycairo-1.4.12
040 Reg DB Value: [Software\Microsoft\Windows\CurrentVersion\Uninstall\pycairo-py2.5]UninstallString="C:\Python25\Removepycairo.exe" -u "C:\Python25\pycairo-wininst.log"
200 File Copy: C:\Python25\include\pycairo\pycairo.h
200 File Copy: C:\Python25\lib\pkgconfig\pycairo.pc
200 File Copy: C:\Python25\Lib\site-packages\pycairo-1.4.12-py2.5.egg-info
200 File Copy: C:\Python25\Lib\site-packages\cairo\_cairo.pyd
200 File Copy: C:\Python25\Lib\site-packages\cairo\__init__.py
200 File Copy: C:\Python25\Lib\site-packages\cairo\__init__.pyc
200 File Copy: C:\Python25\Lib\site-packages\cairo\__init__.pyo
*** Installation started 2008/09/22 02:32 ***
Source: C:\Archivos de programa\w3af\prerequisite\pycairo-1.4.12-1.win32-py2.5.exe
999 Root Key: HKEY_LOCAL_MACHINE
040 Reg DB Value: [Software\Microsoft\Windows\CurrentVersion\Uninstall\pycairo-py2.5]DisplayName=Python 2.5 pycairo-1.4.12
040 Reg DB Value: [Software\Microsoft\Windows\CurrentVersion\Uninstall\pycairo-py2.5]UninstallString="C:\Python25\Removepycairo.exe" -u "C:\Python25\pycairo-wininst.log"
200 File Copy: C:\Python25\include\pycairo\pycairo.h
200 File Copy: C:\Python25\lib\pkgconfig\pycairo.pc
200 File Copy: C:\Python25\Lib\site-packages\pycairo-1.4.12-py2.5.egg-info
200 File Copy: C:\Python25\Lib\site-packages\cairo\_cairo.pyd
200 File Copy: C:\Python25\Lib\site-packages\cairo\__init__.py
200 File Copy: C:\Python25\Lib\site-packages\cairo\__init__.pyc
200 File Copy: C:\Python25\Lib\site-packages\cairo\__init__.pyo
*** Installation started 2008/10/18 14:07 ***
Source: C:\Archivos de programa\w3af\prerequisite\pycairo-1.4.12-1.win32-py2.5.exe
999 Root Key: HKEY_LOCAL_MACHINE
040 Reg DB Value: [Software\Microsoft\Windows\CurrentVersion\Uninstall\pycairo-py2.5]DisplayName=Python 2.5 pycairo-1.4.12
040 Reg DB Value: [Software\Microsoft\Windows\CurrentVersion\Uninstall\pycairo-py2.5]UninstallString="C:\Python25\Removepycairo.exe" -u "C:\Python25\pycairo-wininst.log"
200 File Copy: C:\Python25\include\pycairo\pycairo.h
200 File Copy: C:\Python25\lib\pkgconfig\pycairo.pc
200 File Copy: C:\Python25\Lib\site-packages\pycairo-1.4.12-py2.5.egg-info
200 File Copy: C:\Python25\Lib\site-packages\cairo\_cairo.pyd
200 File Copy: C:\Python25\Lib\site-packages\cairo\__init__.py
200 File Copy: C:\Python25\Lib\site-packages\cairo\__init__.pyc
200 File Copy: C:\Python25\Lib\site-packages\cairo\__init__.pyo
