*** Installation started 2008/08/04 02:08 ***
Source: C:\Archivos de programa\w3af\pyparsing-1.5.0.win32.exe
999 Root Key: HKEY_LOCAL_MACHINE
020 Reg DB Key: [Software\Microsoft\Windows\CurrentVersion\Uninstall]pyparsing-py2.5
040 Reg DB Value: [Software\Microsoft\Windows\CurrentVersion\Uninstall\pyparsing-py2.5]DisplayName=Python 2.5 pyparsing-1.5.0
040 Reg DB Value: [Software\Microsoft\Windows\CurrentVersion\Uninstall\pyparsing-py2.5]UninstallString="C:\Python25\Removepyparsing.exe" -u "C:\Python25\pyparsing-wininst.log"
200 File Copy: C:\Python25\Lib\site-packages\pyparsing-1.5.0-py2.5.egg-info
200 File Copy: C:\Python25\Lib\site-packages\pyparsing.py
200 File Copy: C:\Python25\Lib\site-packages\pyparsing.pyc
200 File Copy: C:\Python25\Lib\site-packages\pyparsing.pyo
*** Installation started 2008/09/17 22:48 ***
Source: C:\Archivos de programa\w3af\prerequisite\pyparsing-1.5.0.win32.exe
999 Root Key: HKEY_LOCAL_MACHINE
040 Reg DB Value: [Software\Microsoft\Windows\CurrentVersion\Uninstall\pyparsing-py2.5]DisplayName=Python 2.5 pyparsing-1.5.0
040 Reg DB Value: [Software\Microsoft\Windows\CurrentVersion\Uninstall\pyparsing-py2.5]UninstallString="C:\Python25\Removepyparsing.exe" -u "C:\Python25\pyparsing-wininst.log"
200 File Copy: C:\Python25\Lib\site-packages\pyparsing-1.5.0-py2.5.egg-info
200 File Copy: C:\Python25\Lib\site-packages\pyparsing.py
200 File Copy: C:\Python25\Lib\site-packages\pyparsing.pyc
200 File Copy: C:\Python25\Lib\site-packages\pyparsing.pyo
*** Installation started 2008/09/22 02:33 ***
Source: C:\Archivos de programa\w3af\prerequisite\pyparsing-1.5.0.win32.exe
999 Root Key: HKEY_LOCAL_MACHINE
040 Reg DB Value: [Software\Microsoft\Windows\CurrentVersion\Uninstall\pyparsing-py2.5]DisplayName=Python 2.5 pyparsing-1.5.0
040 Reg DB Value: [Software\Microsoft\Windows\CurrentVersion\Uninstall\pyparsing-py2.5]UninstallString="C:\Python25\Removepyparsing.exe" -u "C:\Python25\pyparsing-wininst.log"
200 File Copy: C:\Python25\Lib\site-packages\pyparsing-1.5.0-py2.5.egg-info
200 File Copy: C:\Python25\Lib\site-packages\pyparsing.py
200 File Copy: C:\Python25\Lib\site-packages\pyparsing.pyc
200 File Copy: C:\Python25\Lib\site-packages\pyparsing.pyo
*** Installation started 2008/10/18 14:08 ***
Source: C:\Archivos de programa\w3af\prerequisite\pyparsing-1.5.0.win32.exe
999 Root Key: HKEY_LOCAL_MACHINE
040 Reg DB Value: [Software\Microsoft\Windows\CurrentVersion\Uninstall\pyparsing-py2.5]DisplayName=Python 2.5 pyparsing-1.5.0
040 Reg DB Value: [Software\Microsoft\Windows\CurrentVersion\Uninstall\pyparsing-py2.5]UninstallString="C:\Python25\Removepyparsing.exe" -u "C:\Python25\pyparsing-wininst.log"
200 File Copy: C:\Python25\Lib\site-packages\pyparsing-1.5.0-py2.5.egg-info
200 File Copy: C:\Python25\Lib\site-packages\pyparsing.py
200 File Copy: C:\Python25\Lib\site-packages\pyparsing.pyc
200 File Copy: C:\Python25\Lib\site-packages\pyparsing.pyo
